<?xml version="1.0" encoding="UTF-8"?>
<!-- Generated by org.testng.reporters.JUnitReportReporter -->
<testsuite hostname="Owner-PC" name="com.facebook.test.GoogleHomePageTest" tests="1" failures="0" timestamp="27 Jul 2019 13:00:34 GMT" time="2.681" errors="0">
  <testcase name="verifyGooglePageTittle" time="2.681" classname="com.facebook.test.GoogleHomePageTest"/>
</testsuite> <!-- com.facebook.test.GoogleHomePageTest -->
